sample.interval=20000
"data.frame" "is.data.frame" "model.frame.default" "model.frame" "randomForest.formula" "randomForest" "eval" "eval" "withVisible" "withCallingHandlers" "handle" "evaluate_call" "evaluate" "in_dir" "block_exec" "call_block" "process_group.block" "process_group" "withCallingHandlers" "process_file" "<Anonymous>" "<Anonymous>" 
"[.data.frame" "[" "na.omit.data.frame" "na.omit" ".External2" "model.frame.default" "model.frame" "randomForest.formula" "randomForest" "eval" "eval" "withVisible" "withCallingHandlers" "handle" "evaluate_call" "evaluate" "in_dir" "block_exec" "call_block" "process_group.block" "process_group" "withCallingHandlers" "process_file" "<Anonymous>" "<Anonymous>" 
"as.character" "row.names.data.frame" "row.names" "data.matrix" "randomForest.default" "randomForest.formula" "randomForest" "eval" "eval" "withVisible" "withCallingHandlers" "handle" "evaluate_call" "evaluate" "in_dir" "block_exec" "call_block" "process_group.block" "process_group" "withCallingHandlers" "process_file" "<Anonymous>" "<Anonymous>" 
"integer" "randomForest.default" "randomForest.formula" "randomForest" "eval" "eval" "withVisible" "withCallingHandlers" "handle" "evaluate_call" "evaluate" "in_dir" "block_exec" "call_block" "process_group.block" "process_group" "withCallingHandlers" "process_file" "<Anonymous>" "<Anonymous>" 
".C" "randomForest.default" "randomForest.formula" "randomForest" "eval" "eval" "withVisible" "withCallingHandlers" "handle" "evaluate_call" "evaluate" "in_dir" "block_exec" "call_block" "process_group.block" "process_group" "withCallingHandlers" "process_file" "<Anonymous>" "<Anonymous>" 
".C" "randomForest.default" "randomForest.formula" "randomForest" "eval" "eval" "withVisible" "withCallingHandlers" "handle" "evaluate_call" "evaluate" "in_dir" "block_exec" "call_block" "process_group.block" "process_group" "withCallingHandlers" "process_file" "<Anonymous>" "<Anonymous>" 
".C" "randomForest.default" "randomForest.formula" "randomForest" "eval" "eval" "withVisible" "withCallingHandlers" "handle" "evaluate_call" "evaluate" "in_dir" "block_exec" "call_block" "process_group.block" "process_group" "withCallingHandlers" "process_file" "<Anonymous>" "<Anonymous>" 
".C" "randomForest.default" "randomForest.formula" "randomForest" "eval" "eval" "withVisible" "withCallingHandlers" "handle" "evaluate_call" "evaluate" "in_dir" "block_exec" "call_block" "process_group.block" "process_group" "withCallingHandlers" "process_file" "<Anonymous>" "<Anonymous>" 
".C" "randomForest.default" "randomForest.formula" "randomForest" "eval" "eval" "withVisible" "withCallingHandlers" "handle" "evaluate_call" "evaluate" "in_dir" "block_exec" "call_block" "process_group.block" "process_group" "withCallingHandlers" "process_file" "<Anonymous>" "<Anonymous>" 
".C" "randomForest.default" "randomForest.formula" "randomForest" "eval" "eval" "withVisible" "withCallingHandlers" "handle" "evaluate_call" "evaluate" "in_dir" "block_exec" "call_block" "process_group.block" "process_group" "withCallingHandlers" "process_file" "<Anonymous>" "<Anonymous>" 
".C" "randomForest.default" "randomForest.formula" "randomForest" "eval" "eval" "withVisible" "withCallingHandlers" "handle" "evaluate_call" "evaluate" "in_dir" "block_exec" "call_block" "process_group.block" "process_group" "withCallingHandlers" "process_file" "<Anonymous>" "<Anonymous>" 
".C" "randomForest.default" "randomForest.formula" "randomForest" "eval" "eval" "withVisible" "withCallingHandlers" "handle" "evaluate_call" "evaluate" "in_dir" "block_exec" "call_block" "process_group.block" "process_group" "withCallingHandlers" "process_file" "<Anonymous>" "<Anonymous>" 
".C" "randomForest.default" "randomForest.formula" "randomForest" "eval" "eval" "withVisible" "withCallingHandlers" "handle" "evaluate_call" "evaluate" "in_dir" "block_exec" "call_block" "process_group.block" "process_group" "withCallingHandlers" "process_file" "<Anonymous>" "<Anonymous>" 
".C" "randomForest.default" "randomForest.formula" "randomForest" "eval" "eval" "withVisible" "withCallingHandlers" "handle" "evaluate_call" "evaluate" "in_dir" "block_exec" "call_block" "process_group.block" "process_group" "withCallingHandlers" "process_file" "<Anonymous>" "<Anonymous>" 
".C" "randomForest.default" "randomForest.formula" "randomForest" "eval" "eval" "withVisible" "withCallingHandlers" "handle" "evaluate_call" "evaluate" "in_dir" "block_exec" "call_block" "process_group.block" "process_group" "withCallingHandlers" "process_file" "<Anonymous>" "<Anonymous>" 
".C" "randomForest.default" "randomForest.formula" "randomForest" "eval" "eval" "withVisible" "withCallingHandlers" "handle" "evaluate_call" "evaluate" "in_dir" "block_exec" "call_block" "process_group.block" "process_group" "withCallingHandlers" "process_file" "<Anonymous>" "<Anonymous>" 
".C" "randomForest.default" "randomForest.formula" "randomForest" "eval" "eval" "withVisible" "withCallingHandlers" "handle" "evaluate_call" "evaluate" "in_dir" "block_exec" "call_block" "process_group.block" "process_group" "withCallingHandlers" "process_file" "<Anonymous>" "<Anonymous>" 
".C" "randomForest.default" "randomForest.formula" "randomForest" "eval" "eval" "withVisible" "withCallingHandlers" "handle" "evaluate_call" "evaluate" "in_dir" "block_exec" "call_block" "process_group.block" "process_group" "withCallingHandlers" "process_file" "<Anonymous>" "<Anonymous>" 
".C" "randomForest.default" "randomForest.formula" "randomForest" "eval" "eval" "withVisible" "withCallingHandlers" "handle" "evaluate_call" "evaluate" "in_dir" "block_exec" "call_block" "process_group.block" "process_group" "withCallingHandlers" "process_file" "<Anonymous>" "<Anonymous>" 
".C" "randomForest.default" "randomForest.formula" "randomForest" "eval" "eval" "withVisible" "withCallingHandlers" "handle" "evaluate_call" "evaluate" "in_dir" "block_exec" "call_block" "process_group.block" "process_group" "withCallingHandlers" "process_file" "<Anonymous>" "<Anonymous>" 
".C" "randomForest.default" "randomForest.formula" "randomForest" "eval" "eval" "withVisible" "withCallingHandlers" "handle" "evaluate_call" "evaluate" "in_dir" "block_exec" "call_block" "process_group.block" "process_group" "withCallingHandlers" "process_file" "<Anonymous>" "<Anonymous>" 
".C" "randomForest.default" "randomForest.formula" "randomForest" "eval" "eval" "withVisible" "withCallingHandlers" "handle" "evaluate_call" "evaluate" "in_dir" "block_exec" "call_block" "process_group.block" "process_group" "withCallingHandlers" "process_file" "<Anonymous>" "<Anonymous>" 
".C" "randomForest.default" "randomForest.formula" "randomForest" "eval" "eval" "withVisible" "withCallingHandlers" "handle" "evaluate_call" "evaluate" "in_dir" "block_exec" "call_block" "process_group.block" "process_group" "withCallingHandlers" "process_file" "<Anonymous>" "<Anonymous>" 
".C" "randomForest.default" "randomForest.formula" "randomForest" "eval" "eval" "withVisible" "withCallingHandlers" "handle" "evaluate_call" "evaluate" "in_dir" "block_exec" "call_block" "process_group.block" "process_group" "withCallingHandlers" "process_file" "<Anonymous>" "<Anonymous>" 
".C" "randomForest.default" "randomForest.formula" "randomForest" "eval" "eval" "withVisible" "withCallingHandlers" "handle" "evaluate_call" "evaluate" "in_dir" "block_exec" "call_block" "process_group.block" "process_group" "withCallingHandlers" "process_file" "<Anonymous>" "<Anonymous>" 
".C" "randomForest.default" "randomForest.formula" "randomForest" "eval" "eval" "withVisible" "withCallingHandlers" "handle" "evaluate_call" "evaluate" "in_dir" "block_exec" "call_block" "process_group.block" "process_group" "withCallingHandlers" "process_file" "<Anonymous>" "<Anonymous>" 
".C" "randomForest.default" "randomForest.formula" "randomForest" "eval" "eval" "withVisible" "withCallingHandlers" "handle" "evaluate_call" "evaluate" "in_dir" "block_exec" "call_block" "process_group.block" "process_group" "withCallingHandlers" "process_file" "<Anonymous>" "<Anonymous>" 
".C" "randomForest.default" "randomForest.formula" "randomForest" "eval" "eval" "withVisible" "withCallingHandlers" "handle" "evaluate_call" "evaluate" "in_dir" "block_exec" "call_block" "process_group.block" "process_group" "withCallingHandlers" "process_file" "<Anonymous>" "<Anonymous>" 
".C" "randomForest.default" "randomForest.formula" "randomForest" "eval" "eval" "withVisible" "withCallingHandlers" "handle" "evaluate_call" "evaluate" "in_dir" "block_exec" "call_block" "process_group.block" "process_group" "withCallingHandlers" "process_file" "<Anonymous>" "<Anonymous>" 
".C" "randomForest.default" "randomForest.formula" "randomForest" "eval" "eval" "withVisible" "withCallingHandlers" "handle" "evaluate_call" "evaluate" "in_dir" "block_exec" "call_block" "process_group.block" "process_group" "withCallingHandlers" "process_file" "<Anonymous>" "<Anonymous>" 
".C" "randomForest.default" "randomForest.formula" "randomForest" "eval" "eval" "withVisible" "withCallingHandlers" "handle" "evaluate_call" "evaluate" "in_dir" "block_exec" "call_block" "process_group.block" "process_group" "withCallingHandlers" "process_file" "<Anonymous>" "<Anonymous>" 
".C" "randomForest.default" "randomForest.formula" "randomForest" "eval" "eval" "withVisible" "withCallingHandlers" "handle" "evaluate_call" "evaluate" "in_dir" "block_exec" "call_block" "process_group.block" "process_group" "withCallingHandlers" "process_file" "<Anonymous>" "<Anonymous>" 
".C" "randomForest.default" "randomForest.formula" "randomForest" "eval" "eval" "withVisible" "withCallingHandlers" "handle" "evaluate_call" "evaluate" "in_dir" "block_exec" "call_block" "process_group.block" "process_group" "withCallingHandlers" "process_file" "<Anonymous>" "<Anonymous>" 
".C" "randomForest.default" "randomForest.formula" "randomForest" "eval" "eval" "withVisible" "withCallingHandlers" "handle" "evaluate_call" "evaluate" "in_dir" "block_exec" "call_block" "process_group.block" "process_group" "withCallingHandlers" "process_file" "<Anonymous>" "<Anonymous>" 
".C" "randomForest.default" "randomForest.formula" "randomForest" "eval" "eval" "withVisible" "withCallingHandlers" "handle" "evaluate_call" "evaluate" "in_dir" "block_exec" "call_block" "process_group.block" "process_group" "withCallingHandlers" "process_file" "<Anonymous>" "<Anonymous>" 
".C" "randomForest.default" "randomForest.formula" "randomForest" "eval" "eval" "withVisible" "withCallingHandlers" "handle" "evaluate_call" "evaluate" "in_dir" "block_exec" "call_block" "process_group.block" "process_group" "withCallingHandlers" "process_file" "<Anonymous>" "<Anonymous>" 
".C" "randomForest.default" "randomForest.formula" "randomForest" "eval" "eval" "withVisible" "withCallingHandlers" "handle" "evaluate_call" "evaluate" "in_dir" "block_exec" "call_block" "process_group.block" "process_group" "withCallingHandlers" "process_file" "<Anonymous>" "<Anonymous>" 
".C" "randomForest.default" "randomForest.formula" "randomForest" "eval" "eval" "withVisible" "withCallingHandlers" "handle" "evaluate_call" "evaluate" "in_dir" "block_exec" "call_block" "process_group.block" "process_group" "withCallingHandlers" "process_file" "<Anonymous>" "<Anonymous>" 
".C" "randomForest.default" "randomForest.formula" "randomForest" "eval" "eval" "withVisible" "withCallingHandlers" "handle" "evaluate_call" "evaluate" "in_dir" "block_exec" "call_block" "process_group.block" "process_group" "withCallingHandlers" "process_file" "<Anonymous>" "<Anonymous>" 
".C" "randomForest.default" "randomForest.formula" "randomForest" "eval" "eval" "withVisible" "withCallingHandlers" "handle" "evaluate_call" "evaluate" "in_dir" "block_exec" "call_block" "process_group.block" "process_group" "withCallingHandlers" "process_file" "<Anonymous>" "<Anonymous>" 
".C" "randomForest.default" "randomForest.formula" "randomForest" "eval" "eval" "withVisible" "withCallingHandlers" "handle" "evaluate_call" "evaluate" "in_dir" "block_exec" "call_block" "process_group.block" "process_group" "withCallingHandlers" "process_file" "<Anonymous>" "<Anonymous>" 
".C" "randomForest.default" "randomForest.formula" "randomForest" "eval" "eval" "withVisible" "withCallingHandlers" "handle" "evaluate_call" "evaluate" "in_dir" "block_exec" "call_block" "process_group.block" "process_group" "withCallingHandlers" "process_file" "<Anonymous>" "<Anonymous>" 
".C" "randomForest.default" "randomForest.formula" "randomForest" "eval" "eval" "withVisible" "withCallingHandlers" "handle" "evaluate_call" "evaluate" "in_dir" "block_exec" "call_block" "process_group.block" "process_group" "withCallingHandlers" "process_file" "<Anonymous>" "<Anonymous>" 
".C" "randomForest.default" "randomForest.formula" "randomForest" "eval" "eval" "withVisible" "withCallingHandlers" "handle" "evaluate_call" "evaluate" "in_dir" "block_exec" "call_block" "process_group.block" "process_group" "withCallingHandlers" "process_file" "<Anonymous>" "<Anonymous>" 
".C" "randomForest.default" "randomForest.formula" "randomForest" "eval" "eval" "withVisible" "withCallingHandlers" "handle" "evaluate_call" "evaluate" "in_dir" "block_exec" "call_block" "process_group.block" "process_group" "withCallingHandlers" "process_file" "<Anonymous>" "<Anonymous>" 
".C" "randomForest.default" "randomForest.formula" "randomForest" "eval" "eval" "withVisible" "withCallingHandlers" "handle" "evaluate_call" "evaluate" "in_dir" "block_exec" "call_block" "process_group.block" "process_group" "withCallingHandlers" "process_file" "<Anonymous>" "<Anonymous>" 
".C" "randomForest.default" "randomForest.formula" "randomForest" "eval" "eval" "withVisible" "withCallingHandlers" "handle" "evaluate_call" "evaluate" "in_dir" "block_exec" "call_block" "process_group.block" "process_group" "withCallingHandlers" "process_file" "<Anonymous>" "<Anonymous>" 
".C" "randomForest.default" "randomForest.formula" "randomForest" "eval" "eval" "withVisible" "withCallingHandlers" "handle" "evaluate_call" "evaluate" "in_dir" "block_exec" "call_block" "process_group.block" "process_group" "withCallingHandlers" "process_file" "<Anonymous>" "<Anonymous>" 
".C" "randomForest.default" "randomForest.formula" "randomForest" "eval" "eval" "withVisible" "withCallingHandlers" "handle" "evaluate_call" "evaluate" "in_dir" "block_exec" "call_block" "process_group.block" "process_group" "withCallingHandlers" "process_file" "<Anonymous>" "<Anonymous>" 
".C" "randomForest.default" "randomForest.formula" "randomForest" "eval" "eval" "withVisible" "withCallingHandlers" "handle" "evaluate_call" "evaluate" "in_dir" "block_exec" "call_block" "process_group.block" "process_group" "withCallingHandlers" "process_file" "<Anonymous>" "<Anonymous>" 
".C" "randomForest.default" "randomForest.formula" "randomForest" "eval" "eval" "withVisible" "withCallingHandlers" "handle" "evaluate_call" "evaluate" "in_dir" "block_exec" "call_block" "process_group.block" "process_group" "withCallingHandlers" "process_file" "<Anonymous>" "<Anonymous>" 
".C" "randomForest.default" "randomForest.formula" "randomForest" "eval" "eval" "withVisible" "withCallingHandlers" "handle" "evaluate_call" "evaluate" "in_dir" "block_exec" "call_block" "process_group.block" "process_group" "withCallingHandlers" "process_file" "<Anonymous>" "<Anonymous>" 
".C" "randomForest.default" "randomForest.formula" "randomForest" "eval" "eval" "withVisible" "withCallingHandlers" "handle" "evaluate_call" "evaluate" "in_dir" "block_exec" "call_block" "process_group.block" "process_group" "withCallingHandlers" "process_file" "<Anonymous>" "<Anonymous>" 
".C" "randomForest.default" "randomForest.formula" "randomForest" "eval" "eval" "withVisible" "withCallingHandlers" "handle" "evaluate_call" "evaluate" "in_dir" "block_exec" "call_block" "process_group.block" "process_group" "withCallingHandlers" "process_file" "<Anonymous>" "<Anonymous>" 
".C" "randomForest.default" "randomForest.formula" "randomForest" "eval" "eval" "withVisible" "withCallingHandlers" "handle" "evaluate_call" "evaluate" "in_dir" "block_exec" "call_block" "process_group.block" "process_group" "withCallingHandlers" "process_file" "<Anonymous>" "<Anonymous>" 
".C" "randomForest.default" "randomForest.formula" "randomForest" "eval" "eval" "withVisible" "withCallingHandlers" "handle" "evaluate_call" "evaluate" "in_dir" "block_exec" "call_block" "process_group.block" "process_group" "withCallingHandlers" "process_file" "<Anonymous>" "<Anonymous>" 
".C" "randomForest.default" "randomForest.formula" "randomForest" "eval" "eval" "withVisible" "withCallingHandlers" "handle" "evaluate_call" "evaluate" "in_dir" "block_exec" "call_block" "process_group.block" "process_group" "withCallingHandlers" "process_file" "<Anonymous>" "<Anonymous>" 
".C" "randomForest.default" "randomForest.formula" "randomForest" "eval" "eval" "withVisible" "withCallingHandlers" "handle" "evaluate_call" "evaluate" "in_dir" "block_exec" "call_block" "process_group.block" "process_group" "withCallingHandlers" "process_file" "<Anonymous>" "<Anonymous>" 
".C" "randomForest.default" "randomForest.formula" "randomForest" "eval" "eval" "withVisible" "withCallingHandlers" "handle" "evaluate_call" "evaluate" "in_dir" "block_exec" "call_block" "process_group.block" "process_group" "withCallingHandlers" "process_file" "<Anonymous>" "<Anonymous>" 
".C" "randomForest.default" "randomForest.formula" "randomForest" "eval" "eval" "withVisible" "withCallingHandlers" "handle" "evaluate_call" "evaluate" "in_dir" "block_exec" "call_block" "process_group.block" "process_group" "withCallingHandlers" "process_file" "<Anonymous>" "<Anonymous>" 
".C" "randomForest.default" "randomForest.formula" "randomForest" "eval" "eval" "withVisible" "withCallingHandlers" "handle" "evaluate_call" "evaluate" "in_dir" "block_exec" "call_block" "process_group.block" "process_group" "withCallingHandlers" "process_file" "<Anonymous>" "<Anonymous>" 
".C" "randomForest.default" "randomForest.formula" "randomForest" "eval" "eval" "withVisible" "withCallingHandlers" "handle" "evaluate_call" "evaluate" "in_dir" "block_exec" "call_block" "process_group.block" "process_group" "withCallingHandlers" "process_file" "<Anonymous>" "<Anonymous>" 
".C" "randomForest.default" "randomForest.formula" "randomForest" "eval" "eval" "withVisible" "withCallingHandlers" "handle" "evaluate_call" "evaluate" "in_dir" "block_exec" "call_block" "process_group.block" "process_group" "withCallingHandlers" "process_file" "<Anonymous>" "<Anonymous>" 
".C" "randomForest.default" "randomForest.formula" "randomForest" "eval" "eval" "withVisible" "withCallingHandlers" "handle" "evaluate_call" "evaluate" "in_dir" "block_exec" "call_block" "process_group.block" "process_group" "withCallingHandlers" "process_file" "<Anonymous>" "<Anonymous>" 
".C" "randomForest.default" "randomForest.formula" "randomForest" "eval" "eval" "withVisible" "withCallingHandlers" "handle" "evaluate_call" "evaluate" "in_dir" "block_exec" "call_block" "process_group.block" "process_group" "withCallingHandlers" "process_file" "<Anonymous>" "<Anonymous>" 
".C" "randomForest.default" "randomForest.formula" "randomForest" "eval" "eval" "withVisible" "withCallingHandlers" "handle" "evaluate_call" "evaluate" "in_dir" "block_exec" "call_block" "process_group.block" "process_group" "withCallingHandlers" "process_file" "<Anonymous>" "<Anonymous>" 
".C" "randomForest.default" "randomForest.formula" "randomForest" "eval" "eval" "withVisible" "withCallingHandlers" "handle" "evaluate_call" "evaluate" "in_dir" "block_exec" "call_block" "process_group.block" "process_group" "withCallingHandlers" "process_file" "<Anonymous>" "<Anonymous>" 
".C" "randomForest.default" "randomForest.formula" "randomForest" "eval" "eval" "withVisible" "withCallingHandlers" "handle" "evaluate_call" "evaluate" "in_dir" "block_exec" "call_block" "process_group.block" "process_group" "withCallingHandlers" "process_file" "<Anonymous>" "<Anonymous>" 
".C" "randomForest.default" "randomForest.formula" "randomForest" "eval" "eval" "withVisible" "withCallingHandlers" "handle" "evaluate_call" "evaluate" "in_dir" "block_exec" "call_block" "process_group.block" "process_group" "withCallingHandlers" "process_file" "<Anonymous>" "<Anonymous>" 
".C" "randomForest.default" "randomForest.formula" "randomForest" "eval" "eval" "withVisible" "withCallingHandlers" "handle" "evaluate_call" "evaluate" "in_dir" "block_exec" "call_block" "process_group.block" "process_group" "withCallingHandlers" "process_file" "<Anonymous>" "<Anonymous>" 
".C" "randomForest.default" "randomForest.formula" "randomForest" "eval" "eval" "withVisible" "withCallingHandlers" "handle" "evaluate_call" "evaluate" "in_dir" "block_exec" "call_block" "process_group.block" "process_group" "withCallingHandlers" "process_file" "<Anonymous>" "<Anonymous>" 
".C" "randomForest.default" "randomForest.formula" "randomForest" "eval" "eval" "withVisible" "withCallingHandlers" "handle" "evaluate_call" "evaluate" "in_dir" "block_exec" "call_block" "process_group.block" "process_group" "withCallingHandlers" "process_file" "<Anonymous>" "<Anonymous>" 
".C" "randomForest.default" "randomForest.formula" "randomForest" "eval" "eval" "withVisible" "withCallingHandlers" "handle" "evaluate_call" "evaluate" "in_dir" "block_exec" "call_block" "process_group.block" "process_group" "withCallingHandlers" "process_file" "<Anonymous>" "<Anonymous>" 
".C" "randomForest.default" "randomForest.formula" "randomForest" "eval" "eval" "withVisible" "withCallingHandlers" "handle" "evaluate_call" "evaluate" "in_dir" "block_exec" "call_block" "process_group.block" "process_group" "withCallingHandlers" "process_file" "<Anonymous>" "<Anonymous>" 
".C" "randomForest.default" "randomForest.formula" "randomForest" "eval" "eval" "withVisible" "withCallingHandlers" "handle" "evaluate_call" "evaluate" "in_dir" "block_exec" "call_block" "process_group.block" "process_group" "withCallingHandlers" "process_file" "<Anonymous>" "<Anonymous>" 
".C" "randomForest.default" "randomForest.formula" "randomForest" "eval" "eval" "withVisible" "withCallingHandlers" "handle" "evaluate_call" "evaluate" "in_dir" "block_exec" "call_block" "process_group.block" "process_group" "withCallingHandlers" "process_file" "<Anonymous>" "<Anonymous>" 
".C" "randomForest.default" "randomForest.formula" "randomForest" "eval" "eval" "withVisible" "withCallingHandlers" "handle" "evaluate_call" "evaluate" "in_dir" "block_exec" "call_block" "process_group.block" "process_group" "withCallingHandlers" "process_file" "<Anonymous>" "<Anonymous>" 
".C" "randomForest.default" "randomForest.formula" "randomForest" "eval" "eval" "withVisible" "withCallingHandlers" "handle" "evaluate_call" "evaluate" "in_dir" "block_exec" "call_block" "process_group.block" "process_group" "withCallingHandlers" "process_file" "<Anonymous>" "<Anonymous>" 
".C" "randomForest.default" "randomForest.formula" "randomForest" "eval" "eval" "withVisible" "withCallingHandlers" "handle" "evaluate_call" "evaluate" "in_dir" "block_exec" "call_block" "process_group.block" "process_group" "withCallingHandlers" "process_file" "<Anonymous>" "<Anonymous>" 
".C" "randomForest.default" "randomForest.formula" "randomForest" "eval" "eval" "withVisible" "withCallingHandlers" "handle" "evaluate_call" "evaluate" "in_dir" "block_exec" "call_block" "process_group.block" "process_group" "withCallingHandlers" "process_file" "<Anonymous>" "<Anonymous>" 
".C" "randomForest.default" "randomForest.formula" "randomForest" "eval" "eval" "withVisible" "withCallingHandlers" "handle" "evaluate_call" "evaluate" "in_dir" "block_exec" "call_block" "process_group.block" "process_group" "withCallingHandlers" "process_file" "<Anonymous>" "<Anonymous>" 
".C" "randomForest.default" "randomForest.formula" "randomForest" "eval" "eval" "withVisible" "withCallingHandlers" "handle" "evaluate_call" "evaluate" "in_dir" "block_exec" "call_block" "process_group.block" "process_group" "withCallingHandlers" "process_file" "<Anonymous>" "<Anonymous>" 
".C" "randomForest.default" "randomForest.formula" "randomForest" "eval" "eval" "withVisible" "withCallingHandlers" "handle" "evaluate_call" "evaluate" "in_dir" "block_exec" "call_block" "process_group.block" "process_group" "withCallingHandlers" "process_file" "<Anonymous>" "<Anonymous>" 
".C" "randomForest.default" "randomForest.formula" "randomForest" "eval" "eval" "withVisible" "withCallingHandlers" "handle" "evaluate_call" "evaluate" "in_dir" "block_exec" "call_block" "process_group.block" "process_group" "withCallingHandlers" "process_file" "<Anonymous>" "<Anonymous>" 
".C" "randomForest.default" "randomForest.formula" "randomForest" "eval" "eval" "withVisible" "withCallingHandlers" "handle" "evaluate_call" "evaluate" "in_dir" "block_exec" "call_block" "process_group.block" "process_group" "withCallingHandlers" "process_file" "<Anonymous>" "<Anonymous>" 
".C" "randomForest.default" "randomForest.formula" "randomForest" "eval" "eval" "withVisible" "withCallingHandlers" "handle" "evaluate_call" "evaluate" "in_dir" "block_exec" "call_block" "process_group.block" "process_group" "withCallingHandlers" "process_file" "<Anonymous>" "<Anonymous>" 
".C" "randomForest.default" "randomForest.formula" "randomForest" "eval" "eval" "withVisible" "withCallingHandlers" "handle" "evaluate_call" "evaluate" "in_dir" "block_exec" "call_block" "process_group.block" "process_group" "withCallingHandlers" "process_file" "<Anonymous>" "<Anonymous>" 
".C" "randomForest.default" "randomForest.formula" "randomForest" "eval" "eval" "withVisible" "withCallingHandlers" "handle" "evaluate_call" "evaluate" "in_dir" "block_exec" "call_block" "process_group.block" "process_group" "withCallingHandlers" "process_file" "<Anonymous>" "<Anonymous>" 
".C" "randomForest.default" "randomForest.formula" "randomForest" "eval" "eval" "withVisible" "withCallingHandlers" "handle" "evaluate_call" "evaluate" "in_dir" "block_exec" "call_block" "process_group.block" "process_group" "withCallingHandlers" "process_file" "<Anonymous>" "<Anonymous>" 
".C" "randomForest.default" "randomForest.formula" "randomForest" "eval" "eval" "withVisible" "withCallingHandlers" "handle" "evaluate_call" "evaluate" "in_dir" "block_exec" "call_block" "process_group.block" "process_group" "withCallingHandlers" "process_file" "<Anonymous>" "<Anonymous>" 
".C" "randomForest.default" "randomForest.formula" "randomForest" "eval" "eval" "withVisible" "withCallingHandlers" "handle" "evaluate_call" "evaluate" "in_dir" "block_exec" "call_block" "process_group.block" "process_group" "withCallingHandlers" "process_file" "<Anonymous>" "<Anonymous>" 
".C" "randomForest.default" "randomForest.formula" "randomForest" "eval" "eval" "withVisible" "withCallingHandlers" "handle" "evaluate_call" "evaluate" "in_dir" "block_exec" "call_block" "process_group.block" "process_group" "withCallingHandlers" "process_file" "<Anonymous>" "<Anonymous>" 
".C" "randomForest.default" "randomForest.formula" "randomForest" "eval" "eval" "withVisible" "withCallingHandlers" "handle" "evaluate_call" "evaluate" "in_dir" "block_exec" "call_block" "process_group.block" "process_group" "withCallingHandlers" "process_file" "<Anonymous>" "<Anonymous>" 
".C" "randomForest.default" "randomForest.formula" "randomForest" "eval" "eval" "withVisible" "withCallingHandlers" "handle" "evaluate_call" "evaluate" "in_dir" "block_exec" "call_block" "process_group.block" "process_group" "withCallingHandlers" "process_file" "<Anonymous>" "<Anonymous>" 
".C" "randomForest.default" "randomForest.formula" "randomForest" "eval" "eval" "withVisible" "withCallingHandlers" "handle" "evaluate_call" "evaluate" "in_dir" "block_exec" "call_block" "process_group.block" "process_group" "withCallingHandlers" "process_file" "<Anonymous>" "<Anonymous>" 
".C" "randomForest.default" "randomForest.formula" "randomForest" "eval" "eval" "withVisible" "withCallingHandlers" "handle" "evaluate_call" "evaluate" "in_dir" "block_exec" "call_block" "process_group.block" "process_group" "withCallingHandlers" "process_file" "<Anonymous>" "<Anonymous>" 
".C" "randomForest.default" "randomForest.formula" "randomForest" "eval" "eval" "withVisible" "withCallingHandlers" "handle" "evaluate_call" "evaluate" "in_dir" "block_exec" "call_block" "process_group.block" "process_group" "withCallingHandlers" "process_file" "<Anonymous>" "<Anonymous>" 
".C" "randomForest.default" "randomForest.formula" "randomForest" "eval" "eval" "withVisible" "withCallingHandlers" "handle" "evaluate_call" "evaluate" "in_dir" "block_exec" "call_block" "process_group.block" "process_group" "withCallingHandlers" "process_file" "<Anonymous>" "<Anonymous>" 
".C" "randomForest.default" "randomForest.formula" "randomForest" "eval" "eval" "withVisible" "withCallingHandlers" "handle" "evaluate_call" "evaluate" "in_dir" "block_exec" "call_block" "process_group.block" "process_group" "withCallingHandlers" "process_file" "<Anonymous>" "<Anonymous>" 
".C" "randomForest.default" "randomForest.formula" "randomForest" "eval" "eval" "withVisible" "withCallingHandlers" "handle" "evaluate_call" "evaluate" "in_dir" "block_exec" "call_block" "process_group.block" "process_group" "withCallingHandlers" "process_file" "<Anonymous>" "<Anonymous>" 
".C" "randomForest.default" "randomForest.formula" "randomForest" "eval" "eval" "withVisible" "withCallingHandlers" "handle" "evaluate_call" "evaluate" "in_dir" "block_exec" "call_block" "process_group.block" "process_group" "withCallingHandlers" "process_file" "<Anonymous>" "<Anonymous>" 
".C" "randomForest.default" "randomForest.formula" "randomForest" "eval" "eval" "withVisible" "withCallingHandlers" "handle" "evaluate_call" "evaluate" "in_dir" "block_exec" "call_block" "process_group.block" "process_group" "withCallingHandlers" "process_file" "<Anonymous>" "<Anonymous>" 
".C" "randomForest.default" "randomForest.formula" "randomForest" "eval" "eval" "withVisible" "withCallingHandlers" "handle" "evaluate_call" "evaluate" "in_dir" "block_exec" "call_block" "process_group.block" "process_group" "withCallingHandlers" "process_file" "<Anonymous>" "<Anonymous>" 
".C" "randomForest.default" "randomForest.formula" "randomForest" "eval" "eval" "withVisible" "withCallingHandlers" "handle" "evaluate_call" "evaluate" "in_dir" "block_exec" "call_block" "process_group.block" "process_group" "withCallingHandlers" "process_file" "<Anonymous>" "<Anonymous>" 
".C" "randomForest.default" "randomForest.formula" "randomForest" "eval" "eval" "withVisible" "withCallingHandlers" "handle" "evaluate_call" "evaluate" "in_dir" "block_exec" "call_block" "process_group.block" "process_group" "withCallingHandlers" "process_file" "<Anonymous>" "<Anonymous>" 
".C" "randomForest.default" "randomForest.formula" "randomForest" "eval" "eval" "withVisible" "withCallingHandlers" "handle" "evaluate_call" "evaluate" "in_dir" "block_exec" "call_block" "process_group.block" "process_group" "withCallingHandlers" "process_file" "<Anonymous>" "<Anonymous>" 
".C" "randomForest.default" "randomForest.formula" "randomForest" "eval" "eval" "withVisible" "withCallingHandlers" "handle" "evaluate_call" "evaluate" "in_dir" "block_exec" "call_block" "process_group.block" "process_group" "withCallingHandlers" "process_file" "<Anonymous>" "<Anonymous>" 
".C" "randomForest.default" "randomForest.formula" "randomForest" "eval" "eval" "withVisible" "withCallingHandlers" "handle" "evaluate_call" "evaluate" "in_dir" "block_exec" "call_block" "process_group.block" "process_group" "withCallingHandlers" "process_file" "<Anonymous>" "<Anonymous>" 
".C" "randomForest.default" "randomForest.formula" "randomForest" "eval" "eval" "withVisible" "withCallingHandlers" "handle" "evaluate_call" "evaluate" "in_dir" "block_exec" "call_block" "process_group.block" "process_group" "withCallingHandlers" "process_file" "<Anonymous>" "<Anonymous>" 
".C" "randomForest.default" "randomForest.formula" "randomForest" "eval" "eval" "withVisible" "withCallingHandlers" "handle" "evaluate_call" "evaluate" "in_dir" "block_exec" "call_block" "process_group.block" "process_group" "withCallingHandlers" "process_file" "<Anonymous>" "<Anonymous>" 
".C" "randomForest.default" "randomForest.formula" "randomForest" "eval" "eval" "withVisible" "withCallingHandlers" "handle" "evaluate_call" "evaluate" "in_dir" "block_exec" "call_block" "process_group.block" "process_group" "withCallingHandlers" "process_file" "<Anonymous>" "<Anonymous>" 
".C" "randomForest.default" "randomForest.formula" "randomForest" "eval" "eval" "withVisible" "withCallingHandlers" "handle" "evaluate_call" "evaluate" "in_dir" "block_exec" "call_block" "process_group.block" "process_group" "withCallingHandlers" "process_file" "<Anonymous>" "<Anonymous>" 
".C" "randomForest.default" "randomForest.formula" "randomForest" "eval" "eval" "withVisible" "withCallingHandlers" "handle" "evaluate_call" "evaluate" "in_dir" "block_exec" "call_block" "process_group.block" "process_group" "withCallingHandlers" "process_file" "<Anonymous>" "<Anonymous>" 
".C" "randomForest.default" "randomForest.formula" "randomForest" "eval" "eval" "withVisible" "withCallingHandlers" "handle" "evaluate_call" "evaluate" "in_dir" "block_exec" "call_block" "process_group.block" "process_group" "withCallingHandlers" "process_file" "<Anonymous>" "<Anonymous>" 
".C" "randomForest.default" "randomForest.formula" "randomForest" "eval" "eval" "withVisible" "withCallingHandlers" "handle" "evaluate_call" "evaluate" "in_dir" "block_exec" "call_block" "process_group.block" "process_group" "withCallingHandlers" "process_file" "<Anonymous>" "<Anonymous>" 
".C" "randomForest.default" "randomForest.formula" "randomForest" "eval" "eval" "withVisible" "withCallingHandlers" "handle" "evaluate_call" "evaluate" "in_dir" "block_exec" "call_block" "process_group.block" "process_group" "withCallingHandlers" "process_file" "<Anonymous>" "<Anonymous>" 
".C" "randomForest.default" "randomForest.formula" "randomForest" "eval" "eval" "withVisible" "withCallingHandlers" "handle" "evaluate_call" "evaluate" "in_dir" "block_exec" "call_block" "process_group.block" "process_group" "withCallingHandlers" "process_file" "<Anonymous>" "<Anonymous>" 
".C" "randomForest.default" "randomForest.formula" "randomForest" "eval" "eval" "withVisible" "withCallingHandlers" "handle" "evaluate_call" "evaluate" "in_dir" "block_exec" "call_block" "process_group.block" "process_group" "withCallingHandlers" "process_file" "<Anonymous>" "<Anonymous>" 
".C" "randomForest.default" "randomForest.formula" "randomForest" "eval" "eval" "withVisible" "withCallingHandlers" "handle" "evaluate_call" "evaluate" "in_dir" "block_exec" "call_block" "process_group.block" "process_group" "withCallingHandlers" "process_file" "<Anonymous>" "<Anonymous>" 
".C" "randomForest.default" "randomForest.formula" "randomForest" "eval" "eval" "withVisible" "withCallingHandlers" "handle" "evaluate_call" "evaluate" "in_dir" "block_exec" "call_block" "process_group.block" "process_group" "withCallingHandlers" "process_file" "<Anonymous>" "<Anonymous>" 
".C" "randomForest.default" "randomForest.formula" "randomForest" "eval" "eval" "withVisible" "withCallingHandlers" "handle" "evaluate_call" "evaluate" "in_dir" "block_exec" "call_block" "process_group.block" "process_group" "withCallingHandlers" "process_file" "<Anonymous>" "<Anonymous>" 
".C" "randomForest.default" "randomForest.formula" "randomForest" "eval" "eval" "withVisible" "withCallingHandlers" "handle" "evaluate_call" "evaluate" "in_dir" "block_exec" "call_block" "process_group.block" "process_group" "withCallingHandlers" "process_file" "<Anonymous>" "<Anonymous>" 
".C" "randomForest.default" "randomForest.formula" "randomForest" "eval" "eval" "withVisible" "withCallingHandlers" "handle" "evaluate_call" "evaluate" "in_dir" "block_exec" "call_block" "process_group.block" "process_group" "withCallingHandlers" "process_file" "<Anonymous>" "<Anonymous>" 
".C" "randomForest.default" "randomForest.formula" "randomForest" "eval" "eval" "withVisible" "withCallingHandlers" "handle" "evaluate_call" "evaluate" "in_dir" "block_exec" "call_block" "process_group.block" "process_group" "withCallingHandlers" "process_file" "<Anonymous>" "<Anonymous>" 
".C" "randomForest.default" "randomForest.formula" "randomForest" "eval" "eval" "withVisible" "withCallingHandlers" "handle" "evaluate_call" "evaluate" "in_dir" "block_exec" "call_block" "process_group.block" "process_group" "withCallingHandlers" "process_file" "<Anonymous>" "<Anonymous>" 
".C" "randomForest.default" "randomForest.formula" "randomForest" "eval" "eval" "withVisible" "withCallingHandlers" "handle" "evaluate_call" "evaluate" "in_dir" "block_exec" "call_block" "process_group.block" "process_group" "withCallingHandlers" "process_file" "<Anonymous>" "<Anonymous>" 
".C" "randomForest.default" "randomForest.formula" "randomForest" "eval" "eval" "withVisible" "withCallingHandlers" "handle" "evaluate_call" "evaluate" "in_dir" "block_exec" "call_block" "process_group.block" "process_group" "withCallingHandlers" "process_file" "<Anonymous>" "<Anonymous>" 
".C" "randomForest.default" "randomForest.formula" "randomForest" "eval" "eval" "withVisible" "withCallingHandlers" "handle" "evaluate_call" "evaluate" "in_dir" "block_exec" "call_block" "process_group.block" "process_group" "withCallingHandlers" "process_file" "<Anonymous>" "<Anonymous>" 
".C" "randomForest.default" "randomForest.formula" "randomForest" "eval" "eval" "withVisible" "withCallingHandlers" "handle" "evaluate_call" "evaluate" "in_dir" "block_exec" "call_block" "process_group.block" "process_group" "withCallingHandlers" "process_file" "<Anonymous>" "<Anonymous>" 
".C" "randomForest.default" "randomForest.formula" "randomForest" "eval" "eval" "withVisible" "withCallingHandlers" "handle" "evaluate_call" "evaluate" "in_dir" "block_exec" "call_block" "process_group.block" "process_group" "withCallingHandlers" "process_file" "<Anonymous>" "<Anonymous>" 
".C" "randomForest.default" "randomForest.formula" "randomForest" "eval" "eval" "withVisible" "withCallingHandlers" "handle" "evaluate_call" "evaluate" "in_dir" "block_exec" "call_block" "process_group.block" "process_group" "withCallingHandlers" "process_file" "<Anonymous>" "<Anonymous>" 
".C" "randomForest.default" "randomForest.formula" "randomForest" "eval" "eval" "withVisible" "withCallingHandlers" "handle" "evaluate_call" "evaluate" "in_dir" "block_exec" "call_block" "process_group.block" "process_group" "withCallingHandlers" "process_file" "<Anonymous>" "<Anonymous>" 
".C" "randomForest.default" "randomForest.formula" "randomForest" "eval" "eval" "withVisible" "withCallingHandlers" "handle" "evaluate_call" "evaluate" "in_dir" "block_exec" "call_block" "process_group.block" "process_group" "withCallingHandlers" "process_file" "<Anonymous>" "<Anonymous>" 
".C" "randomForest.default" "randomForest.formula" "randomForest" "eval" "eval" "withVisible" "withCallingHandlers" "handle" "evaluate_call" "evaluate" "in_dir" "block_exec" "call_block" "process_group.block" "process_group" "withCallingHandlers" "process_file" "<Anonymous>" "<Anonymous>" 
".C" "randomForest.default" "randomForest.formula" "randomForest" "eval" "eval" "withVisible" "withCallingHandlers" "handle" "evaluate_call" "evaluate" "in_dir" "block_exec" "call_block" "process_group.block" "process_group" "withCallingHandlers" "process_file" "<Anonymous>" "<Anonymous>" 
".C" "randomForest.default" "randomForest.formula" "randomForest" "eval" "eval" "withVisible" "withCallingHandlers" "handle" "evaluate_call" "evaluate" "in_dir" "block_exec" "call_block" "process_group.block" "process_group" "withCallingHandlers" "process_file" "<Anonymous>" "<Anonymous>" 
".C" "randomForest.default" "randomForest.formula" "randomForest" "eval" "eval" "withVisible" "withCallingHandlers" "handle" "evaluate_call" "evaluate" "in_dir" "block_exec" "call_block" "process_group.block" "process_group" "withCallingHandlers" "process_file" "<Anonymous>" "<Anonymous>" 
".C" "randomForest.default" "randomForest.formula" "randomForest" "eval" "eval" "withVisible" "withCallingHandlers" "handle" "evaluate_call" "evaluate" "in_dir" "block_exec" "call_block" "process_group.block" "process_group" "withCallingHandlers" "process_file" "<Anonymous>" "<Anonymous>" 
".C" "randomForest.default" "randomForest.formula" "randomForest" "eval" "eval" "withVisible" "withCallingHandlers" "handle" "evaluate_call" "evaluate" "in_dir" "block_exec" "call_block" "process_group.block" "process_group" "withCallingHandlers" "process_file" "<Anonymous>" "<Anonymous>" 
".C" "randomForest.default" "randomForest.formula" "randomForest" "eval" "eval" "withVisible" "withCallingHandlers" "handle" "evaluate_call" "evaluate" "in_dir" "block_exec" "call_block" "process_group.block" "process_group" "withCallingHandlers" "process_file" "<Anonymous>" "<Anonymous>" 
".C" "randomForest.default" "randomForest.formula" "randomForest" "eval" "eval" "withVisible" "withCallingHandlers" "handle" "evaluate_call" "evaluate" "in_dir" "block_exec" "call_block" "process_group.block" "process_group" "withCallingHandlers" "process_file" "<Anonymous>" "<Anonymous>" 
".C" "randomForest.default" "randomForest.formula" "randomForest" "eval" "eval" "withVisible" "withCallingHandlers" "handle" "evaluate_call" "evaluate" "in_dir" "block_exec" "call_block" "process_group.block" "process_group" "withCallingHandlers" "process_file" "<Anonymous>" "<Anonymous>" 
".C" "randomForest.default" "randomForest.formula" "randomForest" "eval" "eval" "withVisible" "withCallingHandlers" "handle" "evaluate_call" "evaluate" "in_dir" "block_exec" "call_block" "process_group.block" "process_group" "withCallingHandlers" "process_file" "<Anonymous>" "<Anonymous>" 
".C" "randomForest.default" "randomForest.formula" "randomForest" "eval" "eval" "withVisible" "withCallingHandlers" "handle" "evaluate_call" "evaluate" "in_dir" "block_exec" "call_block" "process_group.block" "process_group" "withCallingHandlers" "process_file" "<Anonymous>" "<Anonymous>" 
".C" "randomForest.default" "randomForest.formula" "randomForest" "eval" "eval" "withVisible" "withCallingHandlers" "handle" "evaluate_call" "evaluate" "in_dir" "block_exec" "call_block" "process_group.block" "process_group" "withCallingHandlers" "process_file" "<Anonymous>" "<Anonymous>" 
".C" "randomForest.default" "randomForest.formula" "randomForest" "eval" "eval" "withVisible" "withCallingHandlers" "handle" "evaluate_call" "evaluate" "in_dir" "block_exec" "call_block" "process_group.block" "process_group" "withCallingHandlers" "process_file" "<Anonymous>" "<Anonymous>" 
".C" "randomForest.default" "randomForest.formula" "randomForest" "eval" "eval" "withVisible" "withCallingHandlers" "handle" "evaluate_call" "evaluate" "in_dir" "block_exec" "call_block" "process_group.block" "process_group" "withCallingHandlers" "process_file" "<Anonymous>" "<Anonymous>" 
".C" "randomForest.default" "randomForest.formula" "randomForest" "eval" "eval" "withVisible" "withCallingHandlers" "handle" "evaluate_call" "evaluate" "in_dir" "block_exec" "call_block" "process_group.block" "process_group" "withCallingHandlers" "process_file" "<Anonymous>" "<Anonymous>" 
".C" "randomForest.default" "randomForest.formula" "randomForest" "eval" "eval" "withVisible" "withCallingHandlers" "handle" "evaluate_call" "evaluate" "in_dir" "block_exec" "call_block" "process_group.block" "process_group" "withCallingHandlers" "process_file" "<Anonymous>" "<Anonymous>" 
".C" "randomForest.default" "randomForest.formula" "randomForest" "eval" "eval" "withVisible" "withCallingHandlers" "handle" "evaluate_call" "evaluate" "in_dir" "block_exec" "call_block" "process_group.block" "process_group" "withCallingHandlers" "process_file" "<Anonymous>" "<Anonymous>" 
".C" "randomForest.default" "randomForest.formula" "randomForest" "eval" "eval" "withVisible" "withCallingHandlers" "handle" "evaluate_call" "evaluate" "in_dir" "block_exec" "call_block" "process_group.block" "process_group" "withCallingHandlers" "process_file" "<Anonymous>" "<Anonymous>" 
".C" "randomForest.default" "randomForest.formula" "randomForest" "eval" "eval" "withVisible" "withCallingHandlers" "handle" "evaluate_call" "evaluate" "in_dir" "block_exec" "call_block" "process_group.block" "process_group" "withCallingHandlers" "process_file" "<Anonymous>" "<Anonymous>" 
".C" "randomForest.default" "randomForest.formula" "randomForest" "eval" "eval" "withVisible" "withCallingHandlers" "handle" "evaluate_call" "evaluate" "in_dir" "block_exec" "call_block" "process_group.block" "process_group" "withCallingHandlers" "process_file" "<Anonymous>" "<Anonymous>" 
".C" "randomForest.default" "randomForest.formula" "randomForest" "eval" "eval" "withVisible" "withCallingHandlers" "handle" "evaluate_call" "evaluate" "in_dir" "block_exec" "call_block" "process_group.block" "process_group" "withCallingHandlers" "process_file" "<Anonymous>" "<Anonymous>" 
".C" "randomForest.default" "randomForest.formula" "randomForest" "eval" "eval" "withVisible" "withCallingHandlers" "handle" "evaluate_call" "evaluate" "in_dir" "block_exec" "call_block" "process_group.block" "process_group" "withCallingHandlers" "process_file" "<Anonymous>" "<Anonymous>" 
".C" "randomForest.default" "randomForest.formula" "randomForest" "eval" "eval" "withVisible" "withCallingHandlers" "handle" "evaluate_call" "evaluate" "in_dir" "block_exec" "call_block" "process_group.block" "process_group" "withCallingHandlers" "process_file" "<Anonymous>" "<Anonymous>" 
".C" "randomForest.default" "randomForest.formula" "randomForest" "eval" "eval" "withVisible" "withCallingHandlers" "handle" "evaluate_call" "evaluate" "in_dir" "block_exec" "call_block" "process_group.block" "process_group" "withCallingHandlers" "process_file" "<Anonymous>" "<Anonymous>" 
".C" "randomForest.default" "randomForest.formula" "randomForest" "eval" "eval" "withVisible" "withCallingHandlers" "handle" "evaluate_call" "evaluate" "in_dir" "block_exec" "call_block" "process_group.block" "process_group" "withCallingHandlers" "process_file" "<Anonymous>" "<Anonymous>" 
".C" "randomForest.default" "randomForest.formula" "randomForest" "eval" "eval" "withVisible" "withCallingHandlers" "handle" "evaluate_call" "evaluate" "in_dir" "block_exec" "call_block" "process_group.block" "process_group" "withCallingHandlers" "process_file" "<Anonymous>" "<Anonymous>" 
".C" "randomForest.default" "randomForest.formula" "randomForest" "eval" "eval" "withVisible" "withCallingHandlers" "handle" "evaluate_call" "evaluate" "in_dir" "block_exec" "call_block" "process_group.block" "process_group" "withCallingHandlers" "process_file" "<Anonymous>" "<Anonymous>" 
".C" "randomForest.default" "randomForest.formula" "randomForest" "eval" "eval" "withVisible" "withCallingHandlers" "handle" "evaluate_call" "evaluate" "in_dir" "block_exec" "call_block" "process_group.block" "process_group" "withCallingHandlers" "process_file" "<Anonymous>" "<Anonymous>" 
".C" "randomForest.default" "randomForest.formula" "randomForest" "eval" "eval" "withVisible" "withCallingHandlers" "handle" "evaluate_call" "evaluate" "in_dir" "block_exec" "call_block" "process_group.block" "process_group" "withCallingHandlers" "process_file" "<Anonymous>" "<Anonymous>" 
".C" "randomForest.default" "randomForest.formula" "randomForest" "eval" "eval" "withVisible" "withCallingHandlers" "handle" "evaluate_call" "evaluate" "in_dir" "block_exec" "call_block" "process_group.block" "process_group" "withCallingHandlers" "process_file" "<Anonymous>" "<Anonymous>" 
".C" "randomForest.default" "randomForest.formula" "randomForest" "eval" "eval" "withVisible" "withCallingHandlers" "handle" "evaluate_call" "evaluate" "in_dir" "block_exec" "call_block" "process_group.block" "process_group" "withCallingHandlers" "process_file" "<Anonymous>" "<Anonymous>" 
".C" "randomForest.default" "randomForest.formula" "randomForest" "eval" "eval" "withVisible" "withCallingHandlers" "handle" "evaluate_call" "evaluate" "in_dir" "block_exec" "call_block" "process_group.block" "process_group" "withCallingHandlers" "process_file" "<Anonymous>" "<Anonymous>" 
".C" "randomForest.default" "randomForest.formula" "randomForest" "eval" "eval" "withVisible" "withCallingHandlers" "handle" "evaluate_call" "evaluate" "in_dir" "block_exec" "call_block" "process_group.block" "process_group" "withCallingHandlers" "process_file" "<Anonymous>" "<Anonymous>" 
".C" "randomForest.default" "randomForest.formula" "randomForest" "eval" "eval" "withVisible" "withCallingHandlers" "handle" "evaluate_call" "evaluate" "in_dir" "block_exec" "call_block" "process_group.block" "process_group" "withCallingHandlers" "process_file" "<Anonymous>" "<Anonymous>" 
".C" "randomForest.default" "randomForest.formula" "randomForest" "eval" "eval" "withVisible" "withCallingHandlers" "handle" "evaluate_call" "evaluate" "in_dir" "block_exec" "call_block" "process_group.block" "process_group" "withCallingHandlers" "process_file" "<Anonymous>" "<Anonymous>" 
".C" "randomForest.default" "randomForest.formula" "randomForest" "eval" "eval" "withVisible" "withCallingHandlers" "handle" "evaluate_call" "evaluate" "in_dir" "block_exec" "call_block" "process_group.block" "process_group" "withCallingHandlers" "process_file" "<Anonymous>" "<Anonymous>" 
".C" "randomForest.default" "randomForest.formula" "randomForest" "eval" "eval" "withVisible" "withCallingHandlers" "handle" "evaluate_call" "evaluate" "in_dir" "block_exec" "call_block" "process_group.block" "process_group" "withCallingHandlers" "process_file" "<Anonymous>" "<Anonymous>" 
".C" "randomForest.default" "randomForest.formula" "randomForest" "eval" "eval" "withVisible" "withCallingHandlers" "handle" "evaluate_call" "evaluate" "in_dir" "block_exec" "call_block" "process_group.block" "process_group" "withCallingHandlers" "process_file" "<Anonymous>" "<Anonymous>" 
".C" "randomForest.default" "randomForest.formula" "randomForest" "eval" "eval" "withVisible" "withCallingHandlers" "handle" "evaluate_call" "evaluate" "in_dir" "block_exec" "call_block" "process_group.block" "process_group" "withCallingHandlers" "process_file" "<Anonymous>" "<Anonymous>" 
".C" "randomForest.default" "randomForest.formula" "randomForest" "eval" "eval" "withVisible" "withCallingHandlers" "handle" "evaluate_call" "evaluate" "in_dir" "block_exec" "call_block" "process_group.block" "process_group" "withCallingHandlers" "process_file" "<Anonymous>" "<Anonymous>" 
".C" "randomForest.default" "randomForest.formula" "randomForest" "eval" "eval" "withVisible" "withCallingHandlers" "handle" "evaluate_call" "evaluate" "in_dir" "block_exec" "call_block" "process_group.block" "process_group" "withCallingHandlers" "process_file" "<Anonymous>" "<Anonymous>" 
".C" "randomForest.default" "randomForest.formula" "randomForest" "eval" "eval" "withVisible" "withCallingHandlers" "handle" "evaluate_call" "evaluate" "in_dir" "block_exec" "call_block" "process_group.block" "process_group" "withCallingHandlers" "process_file" "<Anonymous>" "<Anonymous>" 
".C" "randomForest.default" "randomForest.formula" "randomForest" "eval" "eval" "withVisible" "withCallingHandlers" "handle" "evaluate_call" "evaluate" "in_dir" "block_exec" "call_block" "process_group.block" "process_group" "withCallingHandlers" "process_file" "<Anonymous>" "<Anonymous>" 
".C" "randomForest.default" "randomForest.formula" "randomForest" "eval" "eval" "withVisible" "withCallingHandlers" "handle" "evaluate_call" "evaluate" "in_dir" "block_exec" "call_block" "process_group.block" "process_group" "withCallingHandlers" "process_file" "<Anonymous>" "<Anonymous>" 
".C" "randomForest.default" "randomForest.formula" "randomForest" "eval" "eval" "withVisible" "withCallingHandlers" "handle" "evaluate_call" "evaluate" "in_dir" "block_exec" "call_block" "process_group.block" "process_group" "withCallingHandlers" "process_file" "<Anonymous>" "<Anonymous>" 
".C" "randomForest.default" "randomForest.formula" "randomForest" "eval" "eval" "withVisible" "withCallingHandlers" "handle" "evaluate_call" "evaluate" "in_dir" "block_exec" "call_block" "process_group.block" "process_group" "withCallingHandlers" "process_file" "<Anonymous>" "<Anonymous>" 
".C" "randomForest.default" "randomForest.formula" "randomForest" "eval" "eval" "withVisible" "withCallingHandlers" "handle" "evaluate_call" "evaluate" "in_dir" "block_exec" "call_block" "process_group.block" "process_group" "withCallingHandlers" "process_file" "<Anonymous>" "<Anonymous>" 
".C" "randomForest.default" "randomForest.formula" "randomForest" "eval" "eval" "withVisible" "withCallingHandlers" "handle" "evaluate_call" "evaluate" "in_dir" "block_exec" "call_block" "process_group.block" "process_group" "withCallingHandlers" "process_file" "<Anonymous>" "<Anonymous>" 
".C" "randomForest.default" "randomForest.formula" "randomForest" "eval" "eval" "withVisible" "withCallingHandlers" "handle" "evaluate_call" "evaluate" "in_dir" "block_exec" "call_block" "process_group.block" "process_group" "withCallingHandlers" "process_file" "<Anonymous>" "<Anonymous>" 
".C" "randomForest.default" "randomForest.formula" "randomForest" "eval" "eval" "withVisible" "withCallingHandlers" "handle" "evaluate_call" "evaluate" "in_dir" "block_exec" "call_block" "process_group.block" "process_group" "withCallingHandlers" "process_file" "<Anonymous>" "<Anonymous>" 
".C" "randomForest.default" "randomForest.formula" "randomForest" "eval" "eval" "withVisible" "withCallingHandlers" "handle" "evaluate_call" "evaluate" "in_dir" "block_exec" "call_block" "process_group.block" "process_group" "withCallingHandlers" "process_file" "<Anonymous>" "<Anonymous>" 
".C" "randomForest.default" "randomForest.formula" "randomForest" "eval" "eval" "withVisible" "withCallingHandlers" "handle" "evaluate_call" "evaluate" "in_dir" "block_exec" "call_block" "process_group.block" "process_group" "withCallingHandlers" "process_file" "<Anonymous>" "<Anonymous>" 
".C" "randomForest.default" "randomForest.formula" "randomForest" "eval" "eval" "withVisible" "withCallingHandlers" "handle" "evaluate_call" "evaluate" "in_dir" "block_exec" "call_block" "process_group.block" "process_group" "withCallingHandlers" "process_file" "<Anonymous>" "<Anonymous>" 
".C" "randomForest.default" "randomForest.formula" "randomForest" "eval" "eval" "withVisible" "withCallingHandlers" "handle" "evaluate_call" "evaluate" "in_dir" "block_exec" "call_block" "process_group.block" "process_group" "withCallingHandlers" "process_file" "<Anonymous>" "<Anonymous>" 
".C" "randomForest.default" "randomForest.formula" "randomForest" "eval" "eval" "withVisible" "withCallingHandlers" "handle" "evaluate_call" "evaluate" "in_dir" "block_exec" "call_block" "process_group.block" "process_group" "withCallingHandlers" "process_file" "<Anonymous>" "<Anonymous>" 
".C" "randomForest.default" "randomForest.formula" "randomForest" "eval" "eval" "withVisible" "withCallingHandlers" "handle" "evaluate_call" "evaluate" "in_dir" "block_exec" "call_block" "process_group.block" "process_group" "withCallingHandlers" "process_file" "<Anonymous>" "<Anonymous>" 
".C" "randomForest.default" "randomForest.formula" "randomForest" "eval" "eval" "withVisible" "withCallingHandlers" "handle" "evaluate_call" "evaluate" "in_dir" "block_exec" "call_block" "process_group.block" "process_group" "withCallingHandlers" "process_file" "<Anonymous>" "<Anonymous>" 
".C" "randomForest.default" "randomForest.formula" "randomForest" "eval" "eval" "withVisible" "withCallingHandlers" "handle" "evaluate_call" "evaluate" "in_dir" "block_exec" "call_block" "process_group.block" "process_group" "withCallingHandlers" "process_file" "<Anonymous>" "<Anonymous>" 
".C" "randomForest.default" "randomForest.formula" "randomForest" "eval" "eval" "withVisible" "withCallingHandlers" "handle" "evaluate_call" "evaluate" "in_dir" "block_exec" "call_block" "process_group.block" "process_group" "withCallingHandlers" "process_file" "<Anonymous>" "<Anonymous>" 
".C" "randomForest.default" "randomForest.formula" "randomForest" "eval" "eval" "withVisible" "withCallingHandlers" "handle" "evaluate_call" "evaluate" "in_dir" "block_exec" "call_block" "process_group.block" "process_group" "withCallingHandlers" "process_file" "<Anonymous>" "<Anonymous>" 
".C" "randomForest.default" "randomForest.formula" "randomForest" "eval" "eval" "withVisible" "withCallingHandlers" "handle" "evaluate_call" "evaluate" "in_dir" "block_exec" "call_block" "process_group.block" "process_group" "withCallingHandlers" "process_file" "<Anonymous>" "<Anonymous>" 
".C" "randomForest.default" "randomForest.formula" "randomForest" "eval" "eval" "withVisible" "withCallingHandlers" "handle" "evaluate_call" "evaluate" "in_dir" "block_exec" "call_block" "process_group.block" "process_group" "withCallingHandlers" "process_file" "<Anonymous>" "<Anonymous>" 
".C" "randomForest.default" "randomForest.formula" "randomForest" "eval" "eval" "withVisible" "withCallingHandlers" "handle" "evaluate_call" "evaluate" "in_dir" "block_exec" "call_block" "process_group.block" "process_group" "withCallingHandlers" "process_file" "<Anonymous>" "<Anonymous>" 
".C" "randomForest.default" "randomForest.formula" "randomForest" "eval" "eval" "withVisible" "withCallingHandlers" "handle" "evaluate_call" "evaluate" "in_dir" "block_exec" "call_block" "process_group.block" "process_group" "withCallingHandlers" "process_file" "<Anonymous>" "<Anonymous>" 
".C" "randomForest.default" "randomForest.formula" "randomForest" "eval" "eval" "withVisible" "withCallingHandlers" "handle" "evaluate_call" "evaluate" "in_dir" "block_exec" "call_block" "process_group.block" "process_group" "withCallingHandlers" "process_file" "<Anonymous>" "<Anonymous>" 
".C" "randomForest.default" "randomForest.formula" "randomForest" "eval" "eval" "withVisible" "withCallingHandlers" "handle" "evaluate_call" "evaluate" "in_dir" "block_exec" "call_block" "process_group.block" "process_group" "withCallingHandlers" "process_file" "<Anonymous>" "<Anonymous>" 
".C" "randomForest.default" "randomForest.formula" "randomForest" "eval" "eval" "withVisible" "withCallingHandlers" "handle" "evaluate_call" "evaluate" "in_dir" "block_exec" "call_block" "process_group.block" "process_group" "withCallingHandlers" "process_file" "<Anonymous>" "<Anonymous>" 
".C" "randomForest.default" "randomForest.formula" "randomForest" "eval" "eval" "withVisible" "withCallingHandlers" "handle" "evaluate_call" "evaluate" "in_dir" "block_exec" "call_block" "process_group.block" "process_group" "withCallingHandlers" "process_file" "<Anonymous>" "<Anonymous>" 
".C" "randomForest.default" "randomForest.formula" "randomForest" "eval" "eval" "withVisible" "withCallingHandlers" "handle" "evaluate_call" "evaluate" "in_dir" "block_exec" "call_block" "process_group.block" "process_group" "withCallingHandlers" "process_file" "<Anonymous>" "<Anonymous>" 
".C" "randomForest.default" "randomForest.formula" "randomForest" "eval" "eval" "withVisible" "withCallingHandlers" "handle" "evaluate_call" "evaluate" "in_dir" "block_exec" "call_block" "process_group.block" "process_group" "withCallingHandlers" "process_file" "<Anonymous>" "<Anonymous>" 
".C" "randomForest.default" "randomForest.formula" "randomForest" "eval" "eval" "withVisible" "withCallingHandlers" "handle" "evaluate_call" "evaluate" "in_dir" "block_exec" "call_block" "process_group.block" "process_group" "withCallingHandlers" "process_file" "<Anonymous>" "<Anonymous>" 
".C" "randomForest.default" "randomForest.formula" "randomForest" "eval" "eval" "withVisible" "withCallingHandlers" "handle" "evaluate_call" "evaluate" "in_dir" "block_exec" "call_block" "process_group.block" "process_group" "withCallingHandlers" "process_file" "<Anonymous>" "<Anonymous>" 
".C" "randomForest.default" "randomForest.formula" "randomForest" "eval" "eval" "withVisible" "withCallingHandlers" "handle" "evaluate_call" "evaluate" "in_dir" "block_exec" "call_block" "process_group.block" "process_group" "withCallingHandlers" "process_file" "<Anonymous>" "<Anonymous>" 
".C" "randomForest.default" "randomForest.formula" "randomForest" "eval" "eval" "withVisible" "withCallingHandlers" "handle" "evaluate_call" "evaluate" "in_dir" "block_exec" "call_block" "process_group.block" "process_group" "withCallingHandlers" "process_file" "<Anonymous>" "<Anonymous>" 
".C" "randomForest.default" "randomForest.formula" "randomForest" "eval" "eval" "withVisible" "withCallingHandlers" "handle" "evaluate_call" "evaluate" "in_dir" "block_exec" "call_block" "process_group.block" "process_group" "withCallingHandlers" "process_file" "<Anonymous>" "<Anonymous>" 
".C" "randomForest.default" "randomForest.formula" "randomForest" "eval" "eval" "withVisible" "withCallingHandlers" "handle" "evaluate_call" "evaluate" "in_dir" "block_exec" "call_block" "process_group.block" "process_group" "withCallingHandlers" "process_file" "<Anonymous>" "<Anonymous>" 
".C" "randomForest.default" "randomForest.formula" "randomForest" "eval" "eval" "withVisible" "withCallingHandlers" "handle" "evaluate_call" "evaluate" "in_dir" "block_exec" "call_block" "process_group.block" "process_group" "withCallingHandlers" "process_file" "<Anonymous>" "<Anonymous>" 
".C" "randomForest.default" "randomForest.formula" "randomForest" "eval" "eval" "withVisible" "withCallingHandlers" "handle" "evaluate_call" "evaluate" "in_dir" "block_exec" "call_block" "process_group.block" "process_group" "withCallingHandlers" "process_file" "<Anonymous>" "<Anonymous>" 
".C" "randomForest.default" "randomForest.formula" "randomForest" "eval" "eval" "withVisible" "withCallingHandlers" "handle" "evaluate_call" "evaluate" "in_dir" "block_exec" "call_block" "process_group.block" "process_group" "withCallingHandlers" "process_file" "<Anonymous>" "<Anonymous>" 
".C" "randomForest.default" "randomForest.formula" "randomForest" "eval" "eval" "withVisible" "withCallingHandlers" "handle" "evaluate_call" "evaluate" "in_dir" "block_exec" "call_block" "process_group.block" "process_group" "withCallingHandlers" "process_file" "<Anonymous>" "<Anonymous>" 
".C" "randomForest.default" "randomForest.formula" "randomForest" "eval" "eval" "withVisible" "withCallingHandlers" "handle" "evaluate_call" "evaluate" "in_dir" "block_exec" "call_block" "process_group.block" "process_group" "withCallingHandlers" "process_file" "<Anonymous>" "<Anonymous>" 
".C" "randomForest.default" "randomForest.formula" "randomForest" "eval" "eval" "withVisible" "withCallingHandlers" "handle" "evaluate_call" "evaluate" "in_dir" "block_exec" "call_block" "process_group.block" "process_group" "withCallingHandlers" "process_file" "<Anonymous>" "<Anonymous>" 
".C" "randomForest.default" "randomForest.formula" "randomForest" "eval" "eval" "withVisible" "withCallingHandlers" "handle" "evaluate_call" "evaluate" "in_dir" "block_exec" "call_block" "process_group.block" "process_group" "withCallingHandlers" "process_file" "<Anonymous>" "<Anonymous>" 
".C" "randomForest.default" "randomForest.formula" "randomForest" "eval" "eval" "withVisible" "withCallingHandlers" "handle" "evaluate_call" "evaluate" "in_dir" "block_exec" "call_block" "process_group.block" "process_group" "withCallingHandlers" "process_file" "<Anonymous>" "<Anonymous>" 
".C" "randomForest.default" "randomForest.formula" "randomForest" "eval" "eval" "withVisible" "withCallingHandlers" "handle" "evaluate_call" "evaluate" "in_dir" "block_exec" "call_block" "process_group.block" "process_group" "withCallingHandlers" "process_file" "<Anonymous>" "<Anonymous>" 
".C" "randomForest.default" "randomForest.formula" "randomForest" "eval" "eval" "withVisible" "withCallingHandlers" "handle" "evaluate_call" "evaluate" "in_dir" "block_exec" "call_block" "process_group.block" "process_group" "withCallingHandlers" "process_file" "<Anonymous>" "<Anonymous>" 
".C" "randomForest.default" "randomForest.formula" "randomForest" "eval" "eval" "withVisible" "withCallingHandlers" "handle" "evaluate_call" "evaluate" "in_dir" "block_exec" "call_block" "process_group.block" "process_group" "withCallingHandlers" "process_file" "<Anonymous>" "<Anonymous>" 
".C" "randomForest.default" "randomForest.formula" "randomForest" "eval" "eval" "withVisible" "withCallingHandlers" "handle" "evaluate_call" "evaluate" "in_dir" "block_exec" "call_block" "process_group.block" "process_group" "withCallingHandlers" "process_file" "<Anonymous>" "<Anonymous>" 
".C" "randomForest.default" "randomForest.formula" "randomForest" "eval" "eval" "withVisible" "withCallingHandlers" "handle" "evaluate_call" "evaluate" "in_dir" "block_exec" "call_block" "process_group.block" "process_group" "withCallingHandlers" "process_file" "<Anonymous>" "<Anonymous>" 
".C" "randomForest.default" "randomForest.formula" "randomForest" "eval" "eval" "withVisible" "withCallingHandlers" "handle" "evaluate_call" "evaluate" "in_dir" "block_exec" "call_block" "process_group.block" "process_group" "withCallingHandlers" "process_file" "<Anonymous>" "<Anonymous>" 
".C" "randomForest.default" "randomForest.formula" "randomForest" "eval" "eval" "withVisible" "withCallingHandlers" "handle" "evaluate_call" "evaluate" "in_dir" "block_exec" "call_block" "process_group.block" "process_group" "withCallingHandlers" "process_file" "<Anonymous>" "<Anonymous>" 
".C" "randomForest.default" "randomForest.formula" "randomForest" "eval" "eval" "withVisible" "withCallingHandlers" "handle" "evaluate_call" "evaluate" "in_dir" "block_exec" "call_block" "process_group.block" "process_group" "withCallingHandlers" "process_file" "<Anonymous>" "<Anonymous>" 
".C" "randomForest.default" "randomForest.formula" "randomForest" "eval" "eval" "withVisible" "withCallingHandlers" "handle" "evaluate_call" "evaluate" "in_dir" "block_exec" "call_block" "process_group.block" "process_group" "withCallingHandlers" "process_file" "<Anonymous>" "<Anonymous>" 
".C" "randomForest.default" "randomForest.formula" "randomForest" "eval" "eval" "withVisible" "withCallingHandlers" "handle" "evaluate_call" "evaluate" "in_dir" "block_exec" "call_block" "process_group.block" "process_group" "withCallingHandlers" "process_file" "<Anonymous>" "<Anonymous>" 
".C" "randomForest.default" "randomForest.formula" "randomForest" "eval" "eval" "withVisible" "withCallingHandlers" "handle" "evaluate_call" "evaluate" "in_dir" "block_exec" "call_block" "process_group.block" "process_group" "withCallingHandlers" "process_file" "<Anonymous>" "<Anonymous>" 
".C" "randomForest.default" "randomForest.formula" "randomForest" "eval" "eval" "withVisible" "withCallingHandlers" "handle" "evaluate_call" "evaluate" "in_dir" "block_exec" "call_block" "process_group.block" "process_group" "withCallingHandlers" "process_file" "<Anonymous>" "<Anonymous>" 
".C" "randomForest.default" "randomForest.formula" "randomForest" "eval" "eval" "withVisible" "withCallingHandlers" "handle" "evaluate_call" "evaluate" "in_dir" "block_exec" "call_block" "process_group.block" "process_group" "withCallingHandlers" "process_file" "<Anonymous>" "<Anonymous>" 
".C" "randomForest.default" "randomForest.formula" "randomForest" "eval" "eval" "withVisible" "withCallingHandlers" "handle" "evaluate_call" "evaluate" "in_dir" "block_exec" "call_block" "process_group.block" "process_group" "withCallingHandlers" "process_file" "<Anonymous>" "<Anonymous>" 
".C" "randomForest.default" "randomForest.formula" "randomForest" "eval" "eval" "withVisible" "withCallingHandlers" "handle" "evaluate_call" "evaluate" "in_dir" "block_exec" "call_block" "process_group.block" "process_group" "withCallingHandlers" "process_file" "<Anonymous>" "<Anonymous>" 
".C" "randomForest.default" "randomForest.formula" "randomForest" "eval" "eval" "withVisible" "withCallingHandlers" "handle" "evaluate_call" "evaluate" "in_dir" "block_exec" "call_block" "process_group.block" "process_group" "withCallingHandlers" "process_file" "<Anonymous>" "<Anonymous>" 
".C" "randomForest.default" "randomForest.formula" "randomForest" "eval" "eval" "withVisible" "withCallingHandlers" "handle" "evaluate_call" "evaluate" "in_dir" "block_exec" "call_block" "process_group.block" "process_group" "withCallingHandlers" "process_file" "<Anonymous>" "<Anonymous>" 
".C" "randomForest.default" "randomForest.formula" "randomForest" "eval" "eval" "withVisible" "withCallingHandlers" "handle" "evaluate_call" "evaluate" "in_dir" "block_exec" "call_block" "process_group.block" "process_group" "withCallingHandlers" "process_file" "<Anonymous>" "<Anonymous>" 
".C" "randomForest.default" "randomForest.formula" "randomForest" "eval" "eval" "withVisible" "withCallingHandlers" "handle" "evaluate_call" "evaluate" "in_dir" "block_exec" "call_block" "process_group.block" "process_group" "withCallingHandlers" "process_file" "<Anonymous>" "<Anonymous>" 
".C" "randomForest.default" "randomForest.formula" "randomForest" "eval" "eval" "withVisible" "withCallingHandlers" "handle" "evaluate_call" "evaluate" "in_dir" "block_exec" "call_block" "process_group.block" "process_group" "withCallingHandlers" "process_file" "<Anonymous>" "<Anonymous>" 
".C" "randomForest.default" "randomForest.formula" "randomForest" "eval" "eval" "withVisible" "withCallingHandlers" "handle" "evaluate_call" "evaluate" "in_dir" "block_exec" "call_block" "process_group.block" "process_group" "withCallingHandlers" "process_file" "<Anonymous>" "<Anonymous>" 
".C" "randomForest.default" "randomForest.formula" "randomForest" "eval" "eval" "withVisible" "withCallingHandlers" "handle" "evaluate_call" "evaluate" "in_dir" "block_exec" "call_block" "process_group.block" "process_group" "withCallingHandlers" "process_file" "<Anonymous>" "<Anonymous>" 
".C" "randomForest.default" "randomForest.formula" "randomForest" "eval" "eval" "withVisible" "withCallingHandlers" "handle" "evaluate_call" "evaluate" "in_dir" "block_exec" "call_block" "process_group.block" "process_group" "withCallingHandlers" "process_file" "<Anonymous>" "<Anonymous>" 
".C" "randomForest.default" "randomForest.formula" "randomForest" "eval" "eval" "withVisible" "withCallingHandlers" "handle" "evaluate_call" "evaluate" "in_dir" "block_exec" "call_block" "process_group.block" "process_group" "withCallingHandlers" "process_file" "<Anonymous>" "<Anonymous>" 
".C" "randomForest.default" "randomForest.formula" "randomForest" "eval" "eval" "withVisible" "withCallingHandlers" "handle" "evaluate_call" "evaluate" "in_dir" "block_exec" "call_block" "process_group.block" "process_group" "withCallingHandlers" "process_file" "<Anonymous>" "<Anonymous>" 
".C" "randomForest.default" "randomForest.formula" "randomForest" "eval" "eval" "withVisible" "withCallingHandlers" "handle" "evaluate_call" "evaluate" "in_dir" "block_exec" "call_block" "process_group.block" "process_group" "withCallingHandlers" "process_file" "<Anonymous>" "<Anonymous>" 
".C" "randomForest.default" "randomForest.formula" "randomForest" "eval" "eval" "withVisible" "withCallingHandlers" "handle" "evaluate_call" "evaluate" "in_dir" "block_exec" "call_block" "process_group.block" "process_group" "withCallingHandlers" "process_file" "<Anonymous>" "<Anonymous>" 
".C" "randomForest.default" "randomForest.formula" "randomForest" "eval" "eval" "withVisible" "withCallingHandlers" "handle" "evaluate_call" "evaluate" "in_dir" "block_exec" "call_block" "process_group.block" "process_group" "withCallingHandlers" "process_file" "<Anonymous>" "<Anonymous>" 
".C" "randomForest.default" "randomForest.formula" "randomForest" "eval" "eval" "withVisible" "withCallingHandlers" "handle" "evaluate_call" "evaluate" "in_dir" "block_exec" "call_block" "process_group.block" "process_group" "withCallingHandlers" "process_file" "<Anonymous>" "<Anonymous>" 
".C" "randomForest.default" "randomForest.formula" "randomForest" "eval" "eval" "withVisible" "withCallingHandlers" "handle" "evaluate_call" "evaluate" "in_dir" "block_exec" "call_block" "process_group.block" "process_group" "withCallingHandlers" "process_file" "<Anonymous>" "<Anonymous>" 
".C" "randomForest.default" "randomForest.formula" "randomForest" "eval" "eval" "withVisible" "withCallingHandlers" "handle" "evaluate_call" "evaluate" "in_dir" "block_exec" "call_block" "process_group.block" "process_group" "withCallingHandlers" "process_file" "<Anonymous>" "<Anonymous>" 
".C" "randomForest.default" "randomForest.formula" "randomForest" "eval" "eval" "withVisible" "withCallingHandlers" "handle" "evaluate_call" "evaluate" "in_dir" "block_exec" "call_block" "process_group.block" "process_group" "withCallingHandlers" "process_file" "<Anonymous>" "<Anonymous>" 
".C" "randomForest.default" "randomForest.formula" "randomForest" "eval" "eval" "withVisible" "withCallingHandlers" "handle" "evaluate_call" "evaluate" "in_dir" "block_exec" "call_block" "process_group.block" "process_group" "withCallingHandlers" "process_file" "<Anonymous>" "<Anonymous>" 
".C" "randomForest.default" "randomForest.formula" "randomForest" "eval" "eval" "withVisible" "withCallingHandlers" "handle" "evaluate_call" "evaluate" "in_dir" "block_exec" "call_block" "process_group.block" "process_group" "withCallingHandlers" "process_file" "<Anonymous>" "<Anonymous>" 
".C" "randomForest.default" "randomForest.formula" "randomForest" "eval" "eval" "withVisible" "withCallingHandlers" "handle" "evaluate_call" "evaluate" "in_dir" "block_exec" "call_block" "process_group.block" "process_group" "withCallingHandlers" "process_file" "<Anonymous>" "<Anonymous>" 
".C" "randomForest.default" "randomForest.formula" "randomForest" "eval" "eval" "withVisible" "withCallingHandlers" "handle" "evaluate_call" "evaluate" "in_dir" "block_exec" "call_block" "process_group.block" "process_group" "withCallingHandlers" "process_file" "<Anonymous>" "<Anonymous>" 
".C" "randomForest.default" "randomForest.formula" "randomForest" "eval" "eval" "withVisible" "withCallingHandlers" "handle" "evaluate_call" "evaluate" "in_dir" "block_exec" "call_block" "process_group.block" "process_group" "withCallingHandlers" "process_file" "<Anonymous>" "<Anonymous>" 
".C" "randomForest.default" "randomForest.formula" "randomForest" "eval" "eval" "withVisible" "withCallingHandlers" "handle" "evaluate_call" "evaluate" "in_dir" "block_exec" "call_block" "process_group.block" "process_group" "withCallingHandlers" "process_file" "<Anonymous>" "<Anonymous>" 
".C" "randomForest.default" "randomForest.formula" "randomForest" "eval" "eval" "withVisible" "withCallingHandlers" "handle" "evaluate_call" "evaluate" "in_dir" "block_exec" "call_block" "process_group.block" "process_group" "withCallingHandlers" "process_file" "<Anonymous>" "<Anonymous>" 
".C" "randomForest.default" "randomForest.formula" "randomForest" "eval" "eval" "withVisible" "withCallingHandlers" "handle" "evaluate_call" "evaluate" "in_dir" "block_exec" "call_block" "process_group.block" "process_group" "withCallingHandlers" "process_file" "<Anonymous>" "<Anonymous>" 
".C" "randomForest.default" "randomForest.formula" "randomForest" "eval" "eval" "withVisible" "withCallingHandlers" "handle" "evaluate_call" "evaluate" "in_dir" "block_exec" "call_block" "process_group.block" "process_group" "withCallingHandlers" "process_file" "<Anonymous>" "<Anonymous>" 
".C" "randomForest.default" "randomForest.formula" "randomForest" "eval" "eval" "withVisible" "withCallingHandlers" "handle" "evaluate_call" "evaluate" "in_dir" "block_exec" "call_block" "process_group.block" "process_group" "withCallingHandlers" "process_file" "<Anonymous>" "<Anonymous>" 
".C" "randomForest.default" "randomForest.formula" "randomForest" "eval" "eval" "withVisible" "withCallingHandlers" "handle" "evaluate_call" "evaluate" "in_dir" "block_exec" "call_block" "process_group.block" "process_group" "withCallingHandlers" "process_file" "<Anonymous>" "<Anonymous>" 
".C" "randomForest.default" "randomForest.formula" "randomForest" "eval" "eval" "withVisible" "withCallingHandlers" "handle" "evaluate_call" "evaluate" "in_dir" "block_exec" "call_block" "process_group.block" "process_group" "withCallingHandlers" "process_file" "<Anonymous>" "<Anonymous>" 
".C" "randomForest.default" "randomForest.formula" "randomForest" "eval" "eval" "withVisible" "withCallingHandlers" "handle" "evaluate_call" "evaluate" "in_dir" "block_exec" "call_block" "process_group.block" "process_group" "withCallingHandlers" "process_file" "<Anonymous>" "<Anonymous>" 
".C" "randomForest.default" "randomForest.formula" "randomForest" "eval" "eval" "withVisible" "withCallingHandlers" "handle" "evaluate_call" "evaluate" "in_dir" "block_exec" "call_block" "process_group.block" "process_group" "withCallingHandlers" "process_file" "<Anonymous>" "<Anonymous>" 
".C" "randomForest.default" "randomForest.formula" "randomForest" "eval" "eval" "withVisible" "withCallingHandlers" "handle" "evaluate_call" "evaluate" "in_dir" "block_exec" "call_block" "process_group.block" "process_group" "withCallingHandlers" "process_file" "<Anonymous>" "<Anonymous>" 
".C" "randomForest.default" "randomForest.formula" "randomForest" "eval" "eval" "withVisible" "withCallingHandlers" "handle" "evaluate_call" "evaluate" "in_dir" "block_exec" "call_block" "process_group.block" "process_group" "withCallingHandlers" "process_file" "<Anonymous>" "<Anonymous>" 
".C" "randomForest.default" "randomForest.formula" "randomForest" "eval" "eval" "withVisible" "withCallingHandlers" "handle" "evaluate_call" "evaluate" "in_dir" "block_exec" "call_block" "process_group.block" "process_group" "withCallingHandlers" "process_file" "<Anonymous>" "<Anonymous>" 
".C" "randomForest.default" "randomForest.formula" "randomForest" "eval" "eval" "withVisible" "withCallingHandlers" "handle" "evaluate_call" "evaluate" "in_dir" "block_exec" "call_block" "process_group.block" "process_group" "withCallingHandlers" "process_file" "<Anonymous>" "<Anonymous>" 
".C" "randomForest.default" "randomForest.formula" "randomForest" "eval" "eval" "withVisible" "withCallingHandlers" "handle" "evaluate_call" "evaluate" "in_dir" "block_exec" "call_block" "process_group.block" "process_group" "withCallingHandlers" "process_file" "<Anonymous>" "<Anonymous>" 
".C" "randomForest.default" "randomForest.formula" "randomForest" "eval" "eval" "withVisible" "withCallingHandlers" "handle" "evaluate_call" "evaluate" "in_dir" "block_exec" "call_block" "process_group.block" "process_group" "withCallingHandlers" "process_file" "<Anonymous>" "<Anonymous>" 
".C" "randomForest.default" "randomForest.formula" "randomForest" "eval" "eval" "withVisible" "withCallingHandlers" "handle" "evaluate_call" "evaluate" "in_dir" "block_exec" "call_block" "process_group.block" "process_group" "withCallingHandlers" "process_file" "<Anonymous>" "<Anonymous>" 
".C" "randomForest.default" "randomForest.formula" "randomForest" "eval" "eval" "withVisible" "withCallingHandlers" "handle" "evaluate_call" "evaluate" "in_dir" "block_exec" "call_block" "process_group.block" "process_group" "withCallingHandlers" "process_file" "<Anonymous>" "<Anonymous>" 
".C" "randomForest.default" "randomForest.formula" "randomForest" "eval" "eval" "withVisible" "withCallingHandlers" "handle" "evaluate_call" "evaluate" "in_dir" "block_exec" "call_block" "process_group.block" "process_group" "withCallingHandlers" "process_file" "<Anonymous>" "<Anonymous>" 
".C" "randomForest.default" "randomForest.formula" "randomForest" "eval" "eval" "withVisible" "withCallingHandlers" "handle" "evaluate_call" "evaluate" "in_dir" "block_exec" "call_block" "process_group.block" "process_group" "withCallingHandlers" "process_file" "<Anonymous>" "<Anonymous>" 
".C" "randomForest.default" "randomForest.formula" "randomForest" "eval" "eval" "withVisible" "withCallingHandlers" "handle" "evaluate_call" "evaluate" "in_dir" "block_exec" "call_block" "process_group.block" "process_group" "withCallingHandlers" "process_file" "<Anonymous>" "<Anonymous>" 
".C" "randomForest.default" "randomForest.formula" "randomForest" "eval" "eval" "withVisible" "withCallingHandlers" "handle" "evaluate_call" "evaluate" "in_dir" "block_exec" "call_block" "process_group.block" "process_group" "withCallingHandlers" "process_file" "<Anonymous>" "<Anonymous>" 
".C" "randomForest.default" "randomForest.formula" "randomForest" "eval" "eval" "withVisible" "withCallingHandlers" "handle" "evaluate_call" "evaluate" "in_dir" "block_exec" "call_block" "process_group.block" "process_group" "withCallingHandlers" "process_file" "<Anonymous>" "<Anonymous>" 
".C" "randomForest.default" "randomForest.formula" "randomForest" "eval" "eval" "withVisible" "withCallingHandlers" "handle" "evaluate_call" "evaluate" "in_dir" "block_exec" "call_block" "process_group.block" "process_group" "withCallingHandlers" "process_file" "<Anonymous>" "<Anonymous>" 
".C" "randomForest.default" "randomForest.formula" "randomForest" "eval" "eval" "withVisible" "withCallingHandlers" "handle" "evaluate_call" "evaluate" "in_dir" "block_exec" "call_block" "process_group.block" "process_group" "withCallingHandlers" "process_file" "<Anonymous>" "<Anonymous>" 
".C" "randomForest.default" "randomForest.formula" "randomForest" "eval" "eval" "withVisible" "withCallingHandlers" "handle" "evaluate_call" "evaluate" "in_dir" "block_exec" "call_block" "process_group.block" "process_group" "withCallingHandlers" "process_file" "<Anonymous>" "<Anonymous>" 
".C" "randomForest.default" "randomForest.formula" "randomForest" "eval" "eval" "withVisible" "withCallingHandlers" "handle" "evaluate_call" "evaluate" "in_dir" "block_exec" "call_block" "process_group.block" "process_group" "withCallingHandlers" "process_file" "<Anonymous>" "<Anonymous>" 
".C" "randomForest.default" "randomForest.formula" "randomForest" "eval" "eval" "withVisible" "withCallingHandlers" "handle" "evaluate_call" "evaluate" "in_dir" "block_exec" "call_block" "process_group.block" "process_group" "withCallingHandlers" "process_file" "<Anonymous>" "<Anonymous>" 
".C" "randomForest.default" "randomForest.formula" "randomForest" "eval" "eval" "withVisible" "withCallingHandlers" "handle" "evaluate_call" "evaluate" "in_dir" "block_exec" "call_block" "process_group.block" "process_group" "withCallingHandlers" "process_file" "<Anonymous>" "<Anonymous>" 
".C" "randomForest.default" "randomForest.formula" "randomForest" "eval" "eval" "withVisible" "withCallingHandlers" "handle" "evaluate_call" "evaluate" "in_dir" "block_exec" "call_block" "process_group.block" "process_group" "withCallingHandlers" "process_file" "<Anonymous>" "<Anonymous>" 
".C" "randomForest.default" "randomForest.formula" "randomForest" "eval" "eval" "withVisible" "withCallingHandlers" "handle" "evaluate_call" "evaluate" "in_dir" "block_exec" "call_block" "process_group.block" "process_group" "withCallingHandlers" "process_file" "<Anonymous>" "<Anonymous>" 
".C" "randomForest.default" "randomForest.formula" "randomForest" "eval" "eval" "withVisible" "withCallingHandlers" "handle" "evaluate_call" "evaluate" "in_dir" "block_exec" "call_block" "process_group.block" "process_group" "withCallingHandlers" "process_file" "<Anonymous>" "<Anonymous>" 
".C" "randomForest.default" "randomForest.formula" "randomForest" "eval" "eval" "withVisible" "withCallingHandlers" "handle" "evaluate_call" "evaluate" "in_dir" "block_exec" "call_block" "process_group.block" "process_group" "withCallingHandlers" "process_file" "<Anonymous>" "<Anonymous>" 
".C" "randomForest.default" "randomForest.formula" "randomForest" "eval" "eval" "withVisible" "withCallingHandlers" "handle" "evaluate_call" "evaluate" "in_dir" "block_exec" "call_block" "process_group.block" "process_group" "withCallingHandlers" "process_file" "<Anonymous>" "<Anonymous>" 
".C" "randomForest.default" "randomForest.formula" "randomForest" "eval" "eval" "withVisible" "withCallingHandlers" "handle" "evaluate_call" "evaluate" "in_dir" "block_exec" "call_block" "process_group.block" "process_group" "withCallingHandlers" "process_file" "<Anonymous>" "<Anonymous>" 
".C" "randomForest.default" "randomForest.formula" "randomForest" "eval" "eval" "withVisible" "withCallingHandlers" "handle" "evaluate_call" "evaluate" "in_dir" "block_exec" "call_block" "process_group.block" "process_group" "withCallingHandlers" "process_file" "<Anonymous>" "<Anonymous>" 
".C" "randomForest.default" "randomForest.formula" "randomForest" "eval" "eval" "withVisible" "withCallingHandlers" "handle" "evaluate_call" "evaluate" "in_dir" "block_exec" "call_block" "process_group.block" "process_group" "withCallingHandlers" "process_file" "<Anonymous>" "<Anonymous>" 
".C" "randomForest.default" "randomForest.formula" "randomForest" "eval" "eval" "withVisible" "withCallingHandlers" "handle" "evaluate_call" "evaluate" "in_dir" "block_exec" "call_block" "process_group.block" "process_group" "withCallingHandlers" "process_file" "<Anonymous>" "<Anonymous>" 
"array" "aperm" "randomForest.default" "randomForest.formula" "randomForest" "eval" "eval" "withVisible" "withCallingHandlers" "handle" "evaluate_call" "evaluate" "in_dir" "block_exec" "call_block" "process_group.block" "process_group" "withCallingHandlers" "process_file" "<Anonymous>" "<Anonymous>" 
"array" "aperm" "randomForest.default" "randomForest.formula" "randomForest" "eval" "eval" "withVisible" "withCallingHandlers" "handle" "evaluate_call" "evaluate" "in_dir" "block_exec" "call_block" "process_group.block" "process_group" "withCallingHandlers" "process_file" "<Anonymous>" "<Anonymous>" 
"array" "aperm" "randomForest.default" "randomForest.formula" "randomForest" "eval" "eval" "withVisible" "withCallingHandlers" "handle" "evaluate_call" "evaluate" "in_dir" "block_exec" "call_block" "process_group.block" "process_group" "withCallingHandlers" "process_file" "<Anonymous>" "<Anonymous>" 
"aperm.default" "aperm" "randomForest.default" "randomForest.formula" "randomForest" "eval" "eval" "withVisible" "withCallingHandlers" "handle" "evaluate_call" "evaluate" "in_dir" "block_exec" "call_block" "process_group.block" "process_group" "withCallingHandlers" "process_file" "<Anonymous>" "<Anonymous>" 
"aperm.default" "aperm" "randomForest.default" "randomForest.formula" "randomForest" "eval" "eval" "withVisible" "withCallingHandlers" "handle" "evaluate_call" "evaluate" "in_dir" "block_exec" "call_block" "process_group.block" "process_group" "withCallingHandlers" "process_file" "<Anonymous>" "<Anonymous>" 
"aperm.default" "aperm" "randomForest.default" "randomForest.formula" "randomForest" "eval" "eval" "withVisible" "withCallingHandlers" "handle" "evaluate_call" "evaluate" "in_dir" "block_exec" "call_block" "process_group.block" "process_group" "withCallingHandlers" "process_file" "<Anonymous>" "<Anonymous>" 
"aperm.default" "aperm" "randomForest.default" "randomForest.formula" "randomForest" "eval" "eval" "withVisible" "withCallingHandlers" "handle" "evaluate_call" "evaluate" "in_dir" "block_exec" "call_block" "process_group.block" "process_group" "withCallingHandlers" "process_file" "<Anonymous>" "<Anonymous>" 
"/" "FUN" "apply" "t" "randomForest.default" "randomForest.formula" "randomForest" "eval" "eval" "withVisible" "withCallingHandlers" "handle" "evaluate_call" "evaluate" "in_dir" "block_exec" "call_block" "process_group.block" "process_group" "withCallingHandlers" "process_file" "<Anonymous>" "<Anonymous>" 
"apply" "t" "randomForest.default" "randomForest.formula" "randomForest" "eval" "eval" "withVisible" "withCallingHandlers" "handle" "evaluate_call" "evaluate" "in_dir" "block_exec" "call_block" "process_group.block" "process_group" "withCallingHandlers" "process_file" "<Anonymous>" "<Anonymous>" 
"matrix" "randomForest.default" "randomForest.formula" "randomForest" "eval" "eval" "withVisible" "withCallingHandlers" "handle" "evaluate_call" "evaluate" "in_dir" "block_exec" "call_block" "process_group.block" "process_group" "withCallingHandlers" "process_file" "<Anonymous>" "<Anonymous>" 
"matrix" "randomForest.default" "randomForest.formula" "randomForest" "eval" "eval" "withVisible" "withCallingHandlers" "handle" "evaluate_call" "evaluate" "in_dir" "block_exec" "call_block" "process_group.block" "process_group" "withCallingHandlers" "process_file" "<Anonymous>" "<Anonymous>" 
"matrix" "randomForest.default" "randomForest.formula" "randomForest" "eval" "eval" "withVisible" "withCallingHandlers" "handle" "evaluate_call" "evaluate" "in_dir" "block_exec" "call_block" "process_group.block" "process_group" "withCallingHandlers" "process_file" "<Anonymous>" "<Anonymous>" 
"matrix" "randomForest.default" "randomForest.formula" "randomForest" "eval" "eval" "withVisible" "withCallingHandlers" "handle" "evaluate_call" "evaluate" "in_dir" "block_exec" "call_block" "process_group.block" "process_group" "withCallingHandlers" "process_file" "<Anonymous>" "<Anonymous>" 
"matrix" "randomForest.default" "randomForest.formula" "randomForest" "eval" "eval" "withVisible" "withCallingHandlers" "handle" "evaluate_call" "evaluate" "in_dir" "block_exec" "call_block" "process_group.block" "process_group" "withCallingHandlers" "process_file" "<Anonymous>" "<Anonymous>" 
"matrix" "randomForest.default" "randomForest.formula" "randomForest" "eval" "eval" "withVisible" "withCallingHandlers" "handle" "evaluate_call" "evaluate" "in_dir" "block_exec" "call_block" "process_group.block" "process_group" "withCallingHandlers" "process_file" "<Anonymous>" "<Anonymous>" 
